GitHub/Android-Cookbook-Examples/ContentProviderTest/build/outputs/logs/manifest-merger-debug-report.txt
-- Merging decision tree log ---
manifest
ADDED from Android-Cookbook-Examples/ContentProviderTest/AndroidManifest.xml:2:1-19:12
	package
		ADDED from Android-Cookbook-Examples/ContentProviderTest/AndroidManifest.xml:3:5-53
	android:versionName
		ADDED from Android-Cookbook-Examples/ContentProviderTest/AndroidManifest.xml:5:5-30
		INJECTED from Android-Cookbook-Examples/ContentProviderTest/AndroidManifest.xml
		INJECTED from Android-Cookbook-Examples/ContentProviderTest/AndroidManifest.xml
	android:versionCode
		ADDED from Android-Cookbook-Examples/ContentProviderTest/AndroidManifest.xml:4:5-28
		INJECTED from Android-Cookbook-Examples/ContentProviderTest/AndroidManifest.xml
		INJECTED from Android-Cookbook-Examples/ContentProviderTest/AndroidManifest.xml
	xmlns:android
		ADDED from Android-Cookbook-Examples/ContentProviderTest/AndroidManifest.xml:2:11-69
uses-sdk
ADDED from Android-Cookbook-Examples/ContentProviderTest/AndroidManifest.xml:7:5-44
MERGED from [com.android.support:appcompat-v7:26.0.0-alpha1] AndroidManifest.xml:21:5-23:78
MERGED from [com.android.support:support-v4:26.0.0-alpha1] AndroidManifest.xml:21:5-23:54
MERGED from [com.android.support:support-media-compat:26.0.0-alpha1] AndroidManifest.xml:21:5-23:63
MERGED from [com.android.support:support-fragment:26.0.0-alpha1] AndroidManifest.xml:21:5-23:60
MERGED from [com.android.support:support-core-ui:26.0.0-alpha1] AndroidManifest.xml:21:5-23:58
MERGED from [com.android.support:support-core-utils:26.0.0-alpha1] AndroidManifest.xml:21:5-23:61
MERGED from [com.android.support:animated-vector-drawable:26.0.0-alpha1] AndroidManifest.xml:20:5-44
MERGED from [com.android.support:support-vector-drawable:26.0.0-alpha1] AndroidManifest.xml:20:5-44
MERGED from [com.android.support:support-compat:26.0.0-alpha1] AndroidManifest.xml:21:5-23:58
	tools:overrideLibrary
		ADDED from [com.android.support:appcompat-v7:26.0.0-alpha1] AndroidManifest.xml:23:9-75
	android:targetSdkVersion
		INJECTED from Android-Cookbook-Examples/ContentProviderTest/AndroidManifest.xml
		INJECTED from Android-Cookbook-Examples/ContentProviderTest/AndroidManifest.xml
	android:minSdkVersion
		ADDED from Android-Cookbook-Examples/ContentProviderTest/AndroidManifest.xml:7:15-41
		INJECTED from Android-Cookbook-Examples/ContentProviderTest/AndroidManifest.xml
		INJECTED from Android-Cookbook-Examples/ContentProviderTest/AndroidManifest.xml
instrumentation
ADDED from Android-Cookbook-Examples/ContentProviderTest/AndroidManifest.xml:9:5-11:69
	android:targetPackage
		ADDED from Android-Cookbook-Examples/ContentProviderTest/AndroidManifest.xml:11:9-66
	android:name
		ADDED from Android-Cookbook-Examples/ContentProviderTest/AndroidManifest.xml:10:9-62
application
ADDED from Android-Cookbook-Examples/ContentProviderTest/AndroidManifest.xml:13:5-17:19
MERGED from [com.android.support:appcompat-v7:26.0.0-alpha1] AndroidManifest.xml:29:5-20
MERGED from [com.android.support:support-v4:26.0.0-alpha1] AndroidManifest.xml:29:5-20
MERGED from [com.android.support:support-media-compat:26.0.0-alpha1] AndroidManifest.xml:29:5-20
MERGED from [com.android.support:support-fragment:26.0.0-alpha1] AndroidManifest.xml:29:5-20
MERGED from [com.android.support:support-core-ui:26.0.0-alpha1] AndroidManifest.xml:29:5-20
MERGED from [com.android.support:support-core-utils:26.0.0-alpha1] AndroidManifest.xml:29:5-20
MERGED from [com.android.support:animated-vector-drawable:26.0.0-alpha1] AndroidManifest.xml:26:5-20
MERGED from [com.android.support:support-vector-drawable:26.0.0-alpha1] AndroidManifest.xml:26:5-20
MERGED from [com.android.support:support-compat:26.0.0-alpha1] AndroidManifest.xml:29:5-20
	android:label
		ADDED from Android-Cookbook-Examples/ContentProviderTest/AndroidManifest.xml:15:9-41
	android:icon
		ADDED from Android-Cookbook-Examples/ContentProviderTest/AndroidManifest.xml:14:9-45
uses-library#android.test.runner
ADDED from Android-Cookbook-Examples/ContentProviderTest/AndroidManifest.xml:16:9-60
	android:name
		ADDED from Android-Cookbook-Examples/ContentProviderTest/AndroidManifest.xml:16:23-57
meta-data#android.support.VERSION
ADDED from [com.android.support:appcompat-v7:26.0.0-alpha1] AndroidManifest.xml:25:5-27:41
MERGED from [com.android.support:support-v4:26.0.0-alpha1] AndroidManifest.xml:25:5-27:41
MERGED from [com.android.support:support-media-compat:26.0.0-alpha1] AndroidManifest.xml:25:5-27:41
MERGED from [com.android.support:support-fragment:26.0.0-alpha1] AndroidManifest.xml:25:5-27:41
MERGED from [com.android.support:support-core-ui:26.0.0-alpha1] AndroidManifest.xml:25:5-27:41
MERGED from [com.android.support:support-core-utils:26.0.0-alpha1] AndroidManifest.xml:25:5-27:41
MERGED from [com.android.support:animated-vector-drawable:26.0.0-alpha1] AndroidManifest.xml:22:5-24:41
MERGED from [com.android.support:support-vector-drawable:26.0.0-alpha1] AndroidManifest.xml:22:5-24:41
MERGED from [com.android.support:support-compat:26.0.0-alpha1] AndroidManifest.xml:25:5-27:41
	android:value
		ADDED from [com.android.support:appcompat-v7:26.0.0-alpha1] AndroidManifest.xml:27:9-38
	android:name
		ADDED from [com.android.support:appcompat-v7:26.0.0-alpha1] AndroidManifest.xml:26:9-47